<?xml version="1.0" encoding="UTF-8"?>
<!-- Generated by org.testng.reporters.JUnitReportReporter -->
<testsuite hostname="DESKTOP-1NH2UQ0" failures="0" tests="2" name="test.ExtentReportsDemoWithTestNG" time="0.656" errors="0" timestamp="2022-05-13T13:24:55 IST" skipped="0">
  <testcase classname="test.ExtentReportsDemoWithTestNG" name="test2" time="0.001"/>
  <system-out/>
  <testcase classname="test.ExtentReportsDemoWithTestNG" name="test1" time="0.655"/>
  <system-out/>
</testsuite> <!-- test.ExtentReportsDemoWithTestNG -->
