<?xml version="1.0" encoding="UTF-8"?>
<!-- Generated by org.testng.reporters.JUnitReportReporter -->
<testsuite hostname="DESKTOP-1NH2UQ0" failures="0" tests="3" name="listeners.TestNGListenersDemo2" time="0.003" errors="0" timestamp="2022-05-17T17:44:52 IST" skipped="1">
  <testcase classname="listeners.TestNGListenersDemo2" name="test1" time="0.001"/>
  <system-out/>
  <testcase classname="listeners.TestNGListenersDemo2" name="test2" time="0.001"/>
  <system-out/>
  <testcase classname="listeners.TestNGListenersDemo2" name="test3" time="0.001">
    <skipped/>
  </testcase> <!-- test3 -->
  <system-out/>
</testsuite> <!-- listeners.TestNGListenersDemo2 -->
