<?xml version="1.0" encoding="UTF-8"?>
<!-- Generated by org.testng.reporters.JUnitReportReporter -->
<testsuite hostname="DESKTOP-1NH2UQ0" failures="0" tests="3" name="test.TestNGPriorityDemo" time="0.014" errors="0" timestamp="2022-05-18T12:27:21 IST" skipped="0">
  <testcase classname="test.TestNGPriorityDemo" name="test1" time="0.010"/>
  <system-out/>
  <testcase classname="test.TestNGPriorityDemo" name="test3" time="0.003"/>
  <system-out/>
  <testcase classname="test.TestNGPriorityDemo" name="test2" time="0.001"/>
  <system-out/>
</testsuite> <!-- test.TestNGPriorityDemo -->
