<?xml version="1.0" encoding="UTF-8"?>
<!-- Generated by org.testng.reporters.JUnitReportReporter -->
<testsuite hostname="DESKTOP-1NH2UQ0" failures="0" tests="1" name="test.TestNGParametersDemo" time="0.006" errors="0" timestamp="2022-05-19T11:10:44 IST" skipped="0">
  <testcase classname="test.TestNGParametersDemo" name="test" time="0.006"/>
  <system-out/>
</testsuite> <!-- test.TestNGParametersDemo -->
