<?xml version="1.0" encoding="UTF-8"?>
<!-- Generated by org.testng.reporters.JUnitReportReporter -->
<testsuite hostname="DESKTOP-1NH2UQ0" failures="0" tests="1" name="test.SeleniumRecordTest" time="10.101" errors="0" timestamp="2022-05-19T15:31:22 IST" skipped="0">
  <testcase classname="test.SeleniumRecordTest" name="testSeleniumRecord" time="10.101"/>
  <system-out/>
</testsuite> <!-- test.SeleniumRecordTest -->
