<?xml version="1.0" encoding="UTF-8"?>
<!-- Generated by org.testng.reporters.JUnitReportReporter -->
<testsuite hostname="DESKTOP-1NH2UQ0" failures="0" tests="7" name="test.TestNGGroupsDemo" time="0.013" errors="0" timestamp="2022-05-18T18:10:57 IST" skipped="0">
  <testcase classname="test.TestNGGroupsDemo" name="test5" time="0.001"/>
  <system-out/>
  <testcase classname="test.TestNGGroupsDemo" name="test6" time="0.000"/>
  <system-out/>
  <testcase classname="test.TestNGGroupsDemo" name="test1" time="0.009"/>
  <system-out/>
  <testcase classname="test.TestNGGroupsDemo" name="test3" time="0.001"/>
  <system-out/>
  <testcase classname="test.TestNGGroupsDemo" name="test2" time="0.001"/>
  <system-out/>
  <testcase classname="test.TestNGGroupsDemo" name="test4" time="0.001"/>
  <system-out/>
  <testcase classname="test.TestNGGroupsDemo" name="test7" time="0.000"/>
  <system-out/>
</testsuite> <!-- test.TestNGGroupsDemo -->
