<?xml version="1.0" encoding="UTF-8"?>
<!-- Generated by org.testng.reporters.JUnitReportReporter -->
<testsuite hostname="DESKTOP-1NH2UQ0" failures="0" tests="1" name="test.TestNG_Demo3" time="2.729" errors="0" timestamp="2022-05-13T16:46:12 IST" skipped="0">
  <testcase classname="test.TestNG_Demo3" name="googleSearch4" time="2.729"/>
  <system-out/>
</testsuite> <!-- test.TestNG_Demo3 -->
