<?xml version="1.0" encoding="UTF-8"?>
<!-- Generated by org.testng.reporters.JUnitReportReporter -->
<testsuite hostname="DESKTOP-1NH2UQ0" failures="0" tests="3" name="utils.ExcelDataProvider" time="10.351" errors="0" timestamp="2022-05-17T14:03:13 IST" skipped="0">
  <testcase classname="utils.ExcelDataProvider" name="test1" time="5.015"/>
  <system-out/>
  <testcase classname="utils.ExcelDataProvider" name="test1" time="2.664"/>
  <system-out/>
  <testcase classname="utils.ExcelDataProvider" name="test1" time="2.672"/>
  <system-out/>
</testsuite> <!-- utils.ExcelDataProvider -->
