<?xml version="1.0" encoding="UTF-8"?>
<!-- Generated by org.testng.reporters.JUnitReportReporter -->
<testsuite hostname="DESKTOP-1NH2UQ0" failures="0" tests="3" name="test.TestNGMultiBrowserDemo" time="19.657" errors="0" timestamp="2022-05-18T13:45:09 IST" skipped="0">
  <testcase classname="test.TestNGMultiBrowserDemo" name="test1" time="7.025"/>
  <system-out/>
  <testcase classname="test.TestNGMultiBrowserDemo" name="test1" time="8.649"/>
  <system-out/>
  <testcase classname="test.TestNGMultiBrowserDemo" name="test1" time="3.983"/>
  <system-out/>
</testsuite> <!-- test.TestNGMultiBrowserDemo -->
