<?xml version="1.0" encoding="UTF-8"?>
<!-- Generated by org.testng.reporters.JUnitReportReporter -->
<testsuite hostname="DESKTOP-1NH2UQ0" failures="0" tests="2" name="test.TestNGIgnoreDemo" time="0.008" errors="0" timestamp="2022-05-19T12:30:07 IST" skipped="1">
  <testcase classname="test.TestNGIgnoreDemo" name="test2" time="0.008"/>
  <system-out/>
  <testcase classname="test.TestNGIgnoreDemo" name="test1">
    <skipped/>
  </testcase> <!-- test1 -->
  <system-out/>
</testsuite> <!-- test.TestNGIgnoreDemo -->
