<?xml version="1.0" encoding="UTF-8"?>
<!-- Generated by org.testng.reporters.JUnitReportReporter -->
<testsuite hostname="DESKTOP-1NH2UQ0" failures="0" tests="4" name="test.TestNGDependencyDemo" time="0.013" errors="0" timestamp="2022-05-19T11:57:38 IST" skipped="0">
  <testcase classname="test.TestNGDependencyDemo" name="test2" time="0.002"/>
  <system-out/>
  <testcase classname="test.TestNGDependencyDemo" name="test4" time="0.001"/>
  <system-out/>
  <testcase classname="test.TestNGDependencyDemo" name="test3" time="0.009"/>
  <system-out/>
  <testcase classname="test.TestNGDependencyDemo" name="test1" time="0.001"/>
  <system-out/>
</testsuite> <!-- test.TestNGDependencyDemo -->
